<?xml version="1.0" encoding="UTF-8"?>
<!-- Generated by org.testng.reporters.JUnitReportReporter -->
<testsuite hostname="Suraj" failures="0" tests="2" name="BatchTesting.loginTest" time="0.003" errors="0" timestamp="2025-04-04T00:26:10 IST" skipped="0">
  <testcase classname="BatchTesting.loginTest" name="loginbymbl" time="0.001"/>
  <testcase classname="BatchTesting.loginTest" name="login_byemail" time="0.002"/>
</testsuite> <!-- BatchTesting.loginTest -->
