<?xml version="1.0" encoding="UTF-8"?>
<!-- Generated by org.testng.reporters.JUnitReportReporter -->
<testsuite hostname="Suraj" failures="0" tests="2" name="TestNG.TestNg.Testcase2" time="0.001" errors="0" timestamp="2025-04-04T00:26:10 IST" skipped="0">
  <testcase classname="TestNG.TestNg.Testcase2" name="test3" time="0.001"/>
  <testcase classname="TestNG.TestNg.Testcase2" name="test4" time="0.000"/>
</testsuite> <!-- TestNG.TestNg.Testcase2 -->
