<?xml version="1.0" encoding="UTF-8"?>
<!-- Generated by org.testng.reporters.JUnitReportReporter -->
<testsuite hostname="Suraj" failures="0" tests="2" name="BatchTesting.prodPageTest" time="0.000" errors="0" timestamp="2025-04-04T00:26:10 IST" skipped="0">
  <testcase classname="BatchTesting.prodPageTest" name="addProductCart" time="0.000"/>
  <testcase classname="BatchTesting.prodPageTest" name="addProductWish" time="0.000"/>
</testsuite> <!-- BatchTesting.prodPageTest -->
