<?xml version="1.0" encoding="UTF-8"?>
<!-- Generated by org.testng.reporters.JUnitReportReporter -->
<testsuite hostname="Suraj" failures="0" tests="2" name="TestNG.TestNg.Testcase1" time="0.011" errors="0" timestamp="2025-02-08T21:26:16 IST" skipped="0">
  <testcase classname="TestNG.TestNg.Testcase1" name="test1" time="0.008"/>
  <testcase classname="TestNG.TestNg.Testcase1" name="test2" time="0.003"/>
</testsuite> <!-- TestNG.TestNg.Testcase1 -->
