<?xml version="1.0" encoding="UTF-8"?>
<!-- Generated by org.testng.reporters.JUnitReportReporter -->
<testsuite hostname="Suraj" failures="0" tests="2" name="BatchTesting.loginTest" time="0.006" errors="0" timestamp="2025-02-11T11:41:44 IST" skipped="0">
  <testcase classname="BatchTesting.loginTest" name="login_byemail" time="0.003"/>
  <testcase classname="BatchTesting.loginTest" name="loginbymbl" time="0.003"/>
</testsuite> <!-- BatchTesting.loginTest -->
