<?xml version="1.0" encoding="UTF-8"?>
<!-- Generated by org.testng.reporters.JUnitReportReporter -->
<testsuite hostname="Suraj" failures="0" tests="4" name="TestNG.TestNg.registration" time="0.007" errors="0" timestamp="2025-02-08T14:14:19 IST" skipped="0">
  <testcase classname="TestNG.TestNg.registration" name="email" time="0.001"/>
  <testcase classname="TestNG.TestNg.registration" name="name" time="0.002"/>
  <testcase classname="TestNG.TestNg.registration" name="password" time="0.002"/>
  <testcase classname="TestNG.TestNg.registration" name="success" time="0.002"/>
</testsuite> <!-- TestNG.TestNg.registration -->
