<?xml version="1.0" encoding="UTF-8"?>
<!-- Generated by org.testng.reporters.JUnitReportReporter -->
<testsuite hostname="Suraj" failures="0" tests="2" name="TestNG.TestNg.Testcase2" time="0.004" errors="0" timestamp="2025-02-08T21:26:16 IST" skipped="0">
  <testcase classname="TestNG.TestNg.Testcase2" name="test3" time="0.002"/>
  <testcase classname="TestNG.TestNg.Testcase2" name="test4" time="0.002"/>
</testsuite> <!-- TestNG.TestNg.Testcase2 -->
