<?xml version="1.0" encoding="UTF-8"?>
<!-- Generated by org.testng.reporters.JUnitReportReporter -->
<testsuite hostname="Suraj" failures="0" tests="5" name="TestNG.TestNg.invocation_count" time="0.018" errors="0" timestamp="2025-02-11T21:39:18 IST" skipped="0">
  <testcase classname="TestNG.TestNg.invocation_count" name="test1" time="0.002"/>
  <testcase classname="TestNG.TestNg.invocation_count" name="test1" time="0.002"/>
  <testcase classname="TestNG.TestNg.invocation_count" name="test1" time="0.001"/>
  <testcase classname="TestNG.TestNg.invocation_count" name="test2" time="0.001"/>
  <testcase classname="TestNG.TestNg.invocation_count" name="test1" time="0.012"/>
</testsuite> <!-- TestNG.TestNg.invocation_count -->
