<?xml version="1.0" encoding="UTF-8"?>
<!-- Generated by org.testng.reporters.JUnitReportReporter -->
<testsuite hostname="Suraj" failures="0" tests="2" name="TestNG.TestNg.parellel_test" time="14.586" errors="0" timestamp="2025-02-10T15:22:52 IST" skipped="0">
  <testcase classname="TestNG.TestNg.parellel_test" name="verify_title" time="7.322"/>
  <testcase classname="TestNG.TestNg.parellel_test" name="verify_logo" time="7.264"/>
</testsuite> <!-- TestNG.TestNg.parellel_test -->
