<?xml version="1.0" encoding="UTF-8"?>
<!-- Generated by org.testng.reporters.JUnitReportReporter -->
<testsuite hostname="Suraj" failures="0" tests="2" name="TestNG.TestNg.login" time="0.012" errors="0" timestamp="2025-02-08T14:14:19 IST" skipped="0">
  <testcase classname="TestNG.TestNg.login" name="username" time="0.001"/>
  <testcase classname="TestNG.TestNg.login" name="password" time="0.011"/>
</testsuite> <!-- TestNG.TestNg.login -->
