<?xml version="1.0" encoding="UTF-8"?>
<!-- Generated by org.testng.reporters.JUnitReportReporter -->
<testsuite hostname="Suraj" failures="0" tests="2" name="TestNG.TestNg.TestNgExample" time="0.012" errors="0" timestamp="2025-02-08T13:36:05 IST" skipped="0">
  <testcase classname="TestNG.TestNg.TestNgExample" name="test1" time="0.011"/>
  <testcase classname="TestNG.TestNg.TestNgExample" name="test2" time="0.001"/>
</testsuite> <!-- TestNG.TestNg.TestNgExample -->
