<?xml version="1.0" encoding="UTF-8"?>
<!-- Generated by org.testng.reporters.JUnitReportReporter -->
<testsuite hostname="Suraj" failures="0" tests="4" name="TestNG.TestNg.bank_loan" time="0.020" errors="0" timestamp="2025-02-08T17:38:20 IST" skipped="0">
  <testcase classname="TestNG.TestNg.bank_loan" name="personal_api" time="0.004"/>
  <testcase classname="TestNG.TestNg.bank_loan" name="automobile_web" time="0.002"/>
  <testcase classname="TestNG.TestNg.bank_loan" name="personal_mobile" time="0.003"/>
  <testcase classname="TestNG.TestNg.bank_loan" name="automobile_api" time="0.011"/>
</testsuite> <!-- TestNG.TestNg.bank_loan -->
