<?xml version="1.0" encoding="UTF-8"?>
<!-- Generated by org.testng.reporters.JUnitReportReporter -->
<testsuite hostname="Suraj" failures="0" tests="3" name="BatchTesting.Home" time="0.015" errors="0" timestamp="2025-02-11T11:41:44 IST" skipped="0">
  <testcase classname="BatchTesting.Home" name="startApplication" time="0.010"/>
  <testcase classname="BatchTesting.Home" name="verifyLogo" time="0.003"/>
  <testcase classname="BatchTesting.Home" name="verifyTitle" time="0.002"/>
</testsuite> <!-- BatchTesting.Home -->
