<?xml version="1.0" encoding="UTF-8"?>
<!-- Generated by org.testng.reporters.JUnitReportReporter -->
<testsuite hostname="Suraj" failures="0" tests="1" name="TestNG.TestNg.loggerDemo" time="0.516" errors="0" timestamp="2025-02-12T23:59:21 IST" skipped="0">
  <testcase classname="TestNG.TestNg.loggerDemo" name="log" time="0.516"/>
</testsuite> <!-- TestNG.TestNg.loggerDemo -->
