<?xml version="1.0" encoding="UTF-8"?>
<!-- Generated by org.testng.reporters.JUnitReportReporter -->
<testsuite hostname="Suraj" failures="0" tests="1" name="TestNG.TestNg.parameter" time="0.013" errors="0" timestamp="2025-02-09T13:07:12 IST" skipped="0">
  <testcase classname="TestNG.TestNg.parameter" name="add" time="0.013"/>
</testsuite> <!-- TestNG.TestNg.parameter -->
