<?xml version="1.0" encoding="UTF-8"?>
<!-- Generated by org.testng.reporters.JUnitReportReporter -->
<testsuite hostname="Suraj" failures="0" tests="4" name="TestNG.TestNg.group_attribute" time="0.011" errors="0" timestamp="2025-02-09T11:53:42 IST" skipped="0">
  <testcase classname="TestNG.TestNg.group_attribute" name="BENZ" time="0.008"/>
  <testcase classname="TestNG.TestNg.group_attribute" name="TATA" time="0.001"/>
  <testcase classname="TestNG.TestNg.group_attribute" name="TCS" time="0.001"/>
  <testcase classname="TestNG.TestNg.group_attribute" name="infosys" time="0.001"/>
</testsuite> <!-- TestNG.TestNg.group_attribute -->
